[2019-12-31T20:32:37.434] [DEBUG] cheese - login => username:admin,password:123456
[2019-12-31T20:32:37.436] [DEBUG] cheese - admin
[2019-12-31T20:32:37.452] [DEBUG] cheese - null
[2019-12-31T20:32:37.453] [DEBUG] cheese - null
[2019-12-31T20:40:55.947] [DEBUG] cheese - null
[2019-12-31T22:39:48.713] [DEBUG] cheese - null
[2019-12-31T22:39:50.992] [DEBUG] cheese - null
[2020-01-01T00:19:49.102] [DEBUG] cheese - login => username:admin,password:123456
[2020-01-01T00:19:49.102] [DEBUG] cheese - admin
[2020-01-01T00:19:49.106] [DEBUG] cheese - null
[2020-01-01T00:19:49.107] [DEBUG] cheese - null
[2020-01-01T00:22:34.647] [DEBUG] cheese - null
[2020-01-01T00:22:36.896] [DEBUG] cheese - null
[2020-01-01T00:22:39.722] [DEBUG] cheese - null
[2020-01-01T00:32:57.942] [DEBUG] cheese - login => username:admin,password:123456
[2020-01-01T00:32:57.942] [DEBUG] cheese - admin
[2020-01-01T00:32:57.951] [DEBUG] cheese - null
[2020-01-01T00:32:57.951] [DEBUG] cheese - null
[2020-01-01T09:07:57.063] [DEBUG] cheese - login => username:admin,password:123456
[2020-01-01T09:07:57.066] [DEBUG] cheese - admin
[2020-01-01T09:07:57.135] [DEBUG] cheese - null
[2020-01-01T09:07:57.136] [DEBUG] cheese - null
[2020-01-01T09:09:06.383] [DEBUG] cheese - null
[2020-01-01T09:09:09.250] [DEBUG] cheese - null
[2020-01-01T09:09:15.214] [DEBUG] cheese - null
[2020-01-01T13:16:12.027] [DEBUG] cheese - login => username:admin,password:123456
[2020-01-01T13:16:12.027] [DEBUG] cheese - admin
[2020-01-01T13:16:12.083] [DEBUG] cheese - null
[2020-01-01T13:16:12.083] [DEBUG] cheese - null
[2020-01-01T13:29:31.145] [DEBUG] cheese - login => username:admin,password:123456
[2020-01-01T13:29:31.147] [DEBUG] cheese - admin
[2020-01-01T13:29:31.155] [DEBUG] cheese - null
[2020-01-01T13:29:31.155] [DEBUG] cheese - null
[2020-01-01T13:36:46.147] [DEBUG] cheese - login => username:admin,password:123456
[2020-01-01T13:36:46.149] [DEBUG] cheese - admin
[2020-01-01T13:36:46.229] [DEBUG] cheese - null
[2020-01-01T13:36:46.229] [DEBUG] cheese - null
[2020-01-01T20:22:46.264] [DEBUG] cheese - login => username:admin,password:123456
[2020-01-01T20:22:46.265] [DEBUG] cheese - admin
[2020-01-01T20:22:46.275] [DEBUG] cheese - null
[2020-01-01T20:22:46.275] [DEBUG] cheese - null
[2020-01-01T21:16:37.861] [DEBUG] cheese - login => username:admin,password:123456
[2020-01-01T21:16:37.861] [DEBUG] cheese - admin
[2020-01-01T21:16:37.864] [DEBUG] cheese - null
[2020-01-01T21:16:37.864] [DEBUG] cheese - null
[2020-01-02T10:14:46.061] [DEBUG] cheese - login => username:admin,password:123456
[2020-01-02T10:14:46.063] [DEBUG] cheese - admin
[2020-01-02T10:14:46.239] [DEBUG] cheese - null
[2020-01-02T10:14:46.239] [DEBUG] cheese - null
[2020-01-03T10:14:21.492] [DEBUG] cheese - login => username:admin,password:123456
[2020-01-03T10:14:21.493] [DEBUG] cheese - admin
[2020-01-03T10:14:21.539] [DEBUG] cheese - null
[2020-01-03T10:14:21.539] [DEBUG] cheese - null
[2020-01-04T08:49:52.919] [DEBUG] cheese - login => username:admin,password:123456
[2020-01-04T08:49:52.921] [DEBUG] cheese - admin
[2020-01-04T08:49:53.066] [DEBUG] cheese - null
[2020-01-04T08:49:53.068] [DEBUG] cheese - null
[2020-01-04T09:46:54.692] [DEBUG] cheese - null
[2020-01-05T16:45:41.116] [DEBUG] cheese - login => username:admi,password:123456
[2020-01-05T16:45:41.121] [DEBUG] cheese - admi
[2020-01-05T16:45:42.529] [DEBUG] cheese - null
[2020-01-05T16:45:42.529] [DEBUG] cheese - null
[2020-01-05T16:46:30.671] [DEBUG] cheese - login => username:admi,password:123456
[2020-01-05T16:46:30.671] [DEBUG] cheese - admi
[2020-01-05T16:46:30.740] [DEBUG] cheese - null
[2020-01-05T16:46:30.741] [DEBUG] cheese - null
[2020-01-05T16:46:33.912] [DEBUG] cheese - login => username:admin,password:123456
[2020-01-05T16:46:33.913] [DEBUG] cheese - admin
[2020-01-05T16:46:33.928] [DEBUG] cheese - null
[2020-01-05T16:46:33.928] [DEBUG] cheese - null
[2020-01-05T16:51:50.809] [DEBUG] cheese - login => username:admin,password:123456
[2020-01-05T16:51:50.809] [DEBUG] cheese - admin
[2020-01-05T16:51:50.828] [DEBUG] cheese - null
[2020-01-05T16:51:50.829] [DEBUG] cheese - null
[2020-01-05T16:51:54.826] [DEBUG] cheese - login => username:admin,password:123456
[2020-01-05T16:51:54.826] [DEBUG] cheese - admin
[2020-01-05T16:51:54.828] [DEBUG] cheese - null
[2020-01-05T16:51:54.828] [DEBUG] cheese - null
[2020-01-05T16:52:00.909] [DEBUG] cheese - login => username:admi,password:123456
[2020-01-05T16:52:00.910] [DEBUG] cheese - admi
[2020-01-05T16:52:00.913] [DEBUG] cheese - null
[2020-01-05T16:52:00.913] [DEBUG] cheese - null
[2020-01-05T16:52:03.688] [DEBUG] cheese - login => username:admin,password:123456
[2020-01-05T16:52:03.688] [DEBUG] cheese - admin
[2020-01-05T16:52:03.692] [DEBUG] cheese - null
[2020-01-05T16:52:03.692] [DEBUG] cheese - null
[2020-01-05T16:58:08.489] [DEBUG] cheese - login => username:admin,password:123456
[2020-01-05T16:58:08.489] [DEBUG] cheese - admin
[2020-01-05T16:58:08.505] [DEBUG] cheese - null
[2020-01-05T16:58:08.505] [DEBUG] cheese - null
[2020-01-05T16:58:11.360] [DEBUG] cheese - login => username:admin,password:123456
[2020-01-05T16:58:11.360] [DEBUG] cheese - admin
[2020-01-05T16:58:11.365] [DEBUG] cheese - null
[2020-01-05T16:58:11.365] [DEBUG] cheese - null
[2020-01-05T16:58:14.613] [DEBUG] cheese - login => username:admin,password:123456
[2020-01-05T16:58:14.613] [DEBUG] cheese - admin
[2020-01-05T16:58:14.627] [DEBUG] cheese - null
[2020-01-05T16:58:14.627] [DEBUG] cheese - null
[2020-01-05T16:59:22.948] [DEBUG] cheese - login => username:admin,password:123456
[2020-01-05T16:59:22.948] [DEBUG] cheese - admin
[2020-01-05T16:59:22.951] [DEBUG] cheese - null
[2020-01-05T16:59:22.951] [DEBUG] cheese - null
[2020-01-05T16:59:26.296] [DEBUG] cheese - login => username:admin,password:123456
[2020-01-05T16:59:26.296] [DEBUG] cheese - admin
[2020-01-05T16:59:26.298] [DEBUG] cheese - null
[2020-01-05T16:59:26.299] [DEBUG] cheese - null
[2020-01-05T16:59:28.635] [DEBUG] cheese - login => username:admin,password:123456
[2020-01-05T16:59:28.635] [DEBUG] cheese - admin
[2020-01-05T16:59:28.639] [DEBUG] cheese - null
[2020-01-05T16:59:28.639] [DEBUG] cheese - null
[2020-01-05T16:59:32.376] [DEBUG] cheese - login => username:admin,password:123456
[2020-01-05T16:59:32.376] [DEBUG] cheese - admin
[2020-01-05T16:59:32.378] [DEBUG] cheese - null
[2020-01-05T16:59:32.379] [DEBUG] cheese - null
[2020-01-05T17:02:21.027] [DEBUG] cheese - login => username:admin,password:123456
[2020-01-05T17:02:21.028] [DEBUG] cheese - admin
[2020-01-05T17:02:21.036] [DEBUG] cheese - null
[2020-01-05T17:02:21.036] [DEBUG] cheese - null
[2020-01-05T17:07:58.379] [DEBUG] cheese - login => username:admin,password:123456
[2020-01-05T17:07:58.380] [DEBUG] cheese - admin
[2020-01-05T17:07:58.396] [DEBUG] cheese - null
[2020-01-05T17:07:58.396] [DEBUG] cheese - null
[2020-01-05T17:08:06.772] [DEBUG] cheese - login => username:admin,password:123456
[2020-01-05T17:08:06.772] [DEBUG] cheese - admin
[2020-01-05T17:08:06.775] [DEBUG] cheese - null
[2020-01-05T17:08:06.776] [DEBUG] cheese - null
[2020-01-05T17:21:20.226] [DEBUG] cheese - login => username:admin,password:123456
[2020-01-05T17:21:20.226] [DEBUG] cheese - admin
[2020-01-05T17:21:20.235] [DEBUG] cheese - null
[2020-01-05T17:21:20.235] [DEBUG] cheese - null
[2020-01-05T17:31:34.131] [DEBUG] cheese - login => username:admin,password:123456
[2020-01-05T17:31:34.132] [DEBUG] cheese - admin
[2020-01-05T17:31:34.141] [DEBUG] cheese - null
[2020-01-05T17:31:34.141] [DEBUG] cheese - null
[2020-01-05T17:31:36.904] [DEBUG] cheese - login => username:admin,password:123456
[2020-01-05T17:31:36.904] [DEBUG] cheese - admin
[2020-01-05T17:31:36.908] [DEBUG] cheese - null
[2020-01-05T17:31:36.908] [DEBUG] cheese - null
[2020-01-05T17:31:53.383] [DEBUG] cheese - login => username:admin,password:123456
[2020-01-05T17:31:53.383] [DEBUG] cheese - admin
[2020-01-05T17:31:53.385] [DEBUG] cheese - null
[2020-01-05T17:31:53.385] [DEBUG] cheese - null
[2020-01-05T17:31:56.432] [DEBUG] cheese - login => username:admin,password:123456
[2020-01-05T17:31:56.432] [DEBUG] cheese - admin
[2020-01-05T17:31:56.436] [DEBUG] cheese - null
[2020-01-05T17:31:56.437] [DEBUG] cheese - null
[2020-01-05T17:32:00.421] [DEBUG] cheese - login => username:admin,password:123456
[2020-01-05T17:32:00.421] [DEBUG] cheese - admin
[2020-01-05T17:32:00.424] [DEBUG] cheese - null
[2020-01-05T17:32:00.424] [DEBUG] cheese - null
[2020-01-05T19:03:47.956] [DEBUG] cheese - login => username:admin,password:123456
[2020-01-05T19:03:47.957] [DEBUG] cheese - admin
[2020-01-05T19:03:48.392] [DEBUG] cheese - null
[2020-01-05T19:03:48.392] [DEBUG] cheese - null
[2020-01-05T19:04:01.360] [DEBUG] cheese - login => username:admin,password:123456
[2020-01-05T19:04:01.360] [DEBUG] cheese - admin
[2020-01-05T19:04:01.365] [DEBUG] cheese - null
[2020-01-05T19:04:01.365] [DEBUG] cheese - null
